<?xml version='1.0' encoding='UTF-8'?>
<testsuite hostname="Cameron-PC" name="funjs.TypeTests" tests="48" errors="0" failures="0" time="0.236">
                     <properties>
[...]
</properties>
                     <testcase classname="funjs.TypeTests" name="a number expression is of integer type" time="0.118">
                                                 
                                               </testcase><testcase classname="funjs.TypeTests" name="true is of Boolean type" time="0.001">
                                                 
                                               </testcase><testcase classname="funjs.TypeTests" name="false is of Boolean type" time="0.001">
                                                 
                                               </testcase><testcase classname="funjs.TypeTests" name="a name that is not defined is of unknown type" time="0.002">
                                                 
                                               </testcase><testcase classname="funjs.TypeTests" name="a block's type is the type of its final expression (val)" time="0.024">
                                                 
                                               </testcase><testcase classname="funjs.TypeTests" name="a block's type is the type of its final expression" time="0.009">
                                                 
                                               </testcase><testcase classname="funjs.TypeTests" name="a primitive addition is of integer type" time="0.004">
                                                 
                                               </testcase><testcase classname="funjs.TypeTests" name="a primitive divide is of integer type" time="0.003">
                                                 
                                               </testcase><testcase classname="funjs.TypeTests" name="a primitive multiplication is of integer type" time="0.003">
                                                 
                                               </testcase><testcase classname="funjs.TypeTests" name="a primitive subtraction is of integer type" time="0.001">
                                                 
                                               </testcase><testcase classname="funjs.TypeTests" name="a primitive less than is of Boolean type" time="0.001">
                                                 
                                               </testcase><testcase classname="funjs.TypeTests" name="a primitive equality of integers is of Boolean type" time="0.001">
                                                 
                                               </testcase><testcase classname="funjs.TypeTests" name="the type of a fun application is the fun result type" time="0.003">
                                                 
                                               </testcase><testcase classname="funjs.TypeTests" name="a conditional expression's type is the type of its first branch - Int" time="0.003">
                                                 
                                               </testcase><testcase classname="funjs.TypeTests" name="a conditional expression's type is the type of its first branch - Bool" time="0.001">
                                                 
                                               </testcase><testcase classname="funjs.TypeTests" name="a conditional expression's type is the type of its first branch - Fun" time="0.003">
                                                 
                                               </testcase><testcase classname="funjs.TypeTests" name="the left argument of an addition can't be a Boolean" time="0.016">
                                                 
                                               </testcase><testcase classname="funjs.TypeTests" name="the right argument of an addition can't be a Boolean" time="0.001">
                                                 
                                               </testcase><testcase classname="funjs.TypeTests" name="the left argument of a division can't be a Boolean" time="0.001">
                                                 
                                               </testcase><testcase classname="funjs.TypeTests" name="the right argument of a division can't be a Boolean" time="0.001">
                                                 
                                               </testcase><testcase classname="funjs.TypeTests" name="the left argument of a multiplication can't be a Boolean" time="0.001">
                                                 
                                               </testcase><testcase classname="funjs.TypeTests" name="the right argument of a multiplication can't be a Boolean" time="0.001">
                                                 
                                               </testcase><testcase classname="funjs.TypeTests" name="the left argument of a subtraction can't be a Boolean" time="0.0">
                                                 
                                               </testcase><testcase classname="funjs.TypeTests" name="the right argument of a subtraction can't be a Boolean" time="0.001">
                                                 
                                               </testcase><testcase classname="funjs.TypeTests" name="the left argument of an equality than can't be a Boolean" time="0.001">
                                                 
                                               </testcase><testcase classname="funjs.TypeTests" name="the right argument of a equality can't be a Boolean" time="0.001">
                                                 
                                               </testcase><testcase classname="funjs.TypeTests" name="cannot test equality of two Booleans" time="0.0">
                                                 
                                               </testcase><testcase classname="funjs.TypeTests" name="the left argument of a less than can't be a Boolean" time="0.001">
                                                 
                                               </testcase><testcase classname="funjs.TypeTests" name="the right argument of a less than can't be a Boolean" time="0.001">
                                                 
                                               </testcase><testcase classname="funjs.TypeTests" name="the tested expression in a conditional can't be an integer" time="0.001">
                                                 
                                               </testcase><testcase classname="funjs.TypeTests" name="the else expression in a conditional must have the same type as the then expression" time="0.001">
                                                 
                                               </testcase><testcase classname="funjs.TypeTests" name="an applied expression must be a function" time="0.001">
                                                 
                                               </testcase><testcase classname="funjs.TypeTests" name="the arguments in a fun application must match the function" time="0.002">
                                                 
                                               </testcase><testcase classname="funjs.TypeTests" name="comparing funtype against int inside IF" time="0.002">
                                                 
                                               </testcase><testcase classname="funjs.TypeTests" name="comparing two different funtypes inside IF" time="0.006">
                                                 
                                               </testcase><testcase classname="funjs.TypeTests" name="comparing two identical funtypes inside IF" time="0.003">
                                                 
                                               </testcase><testcase classname="funjs.TypeTests" name="declaring the same thing twice is an error" time="0.001">
                                                 
                                               </testcase><testcase classname="funjs.TypeTests" name="backwards references do now work" time="0.001">
                                                 
                                               </testcase><testcase classname="funjs.TypeTests" name="even with the recursion restrictions you can nest lets to get what you want" time="0.002">
                                                 
                                               </testcase><testcase classname="funjs.TypeTests" name="pulling a variable from outside and using at the right type" time="0.002">
                                                 
                                               </testcase><testcase classname="funjs.TypeTests" name="basic object" time="0.001">
                                                 
                                               </testcase><testcase classname="funjs.TypeTests" name="basic object dereference" time="0.002">
                                                 
                                               </testcase><testcase classname="funjs.TypeTests" name="object dereference that was failing in exec tests" time="0.001">
                                                 
                                               </testcase><testcase classname="funjs.TypeTests" name="another basic object" time="0.0">
                                                 
                                               </testcase><testcase classname="funjs.TypeTests" name="a bug I am pulling apart from exec tests" time="0.001">
                                                 
                                               </testcase><testcase classname="funjs.TypeTests" name="comparing two different funypes" time="0.001">
                                                 
                                               </testcase><testcase classname="funjs.TypeTests" name="comparing two different funypes (longer)" time="0.001">
                                                 
                                               </testcase><testcase classname="funjs.TypeTests" name="types of parts must be correct" time="0.003">
                                                 
                                               </testcase>
                     <system-out></system-out>
                     <system-err></system-err>
                   </testsuite>