<?xml version='1.0' encoding='UTF-8'?>
<testsuite hostname="Cameron-PC" name="funjs.SyntaxAnalysisTests" tests="85" errors="0" failures="0" time="0.055">
                     <properties>
[...]
</properties>
                     <testcase classname="funjs.SyntaxAnalysisTests" name="parsing an identifier of oneter produces the correct tree" time="0.001">
                                                 
                                               </testcase><testcase classname="funjs.SyntaxAnalysisTests" name="parsing an identifier as an identifier produces the correct tree" time="0.0">
                                                 
                                               </testcase><testcase classname="funjs.SyntaxAnalysisTests" name="parsing an identifier containing digits and underscores produces the correct tree" time="0.0">
                                                 
                                               </testcase><testcase classname="funjs.SyntaxAnalysisTests" name="parsing an integer as an identifier gives an error" time="0.0">
                                                 
                                               </testcase><testcase classname="funjs.SyntaxAnalysisTests" name="parsing a non-identifier as an identifier gives an error (digit)" time="0.0">
                                                 
                                               </testcase><testcase classname="funjs.SyntaxAnalysisTests" name="parsing a non-identifier as an identifier gives an error (underscore)" time="0.0">
                                                 
                                               </testcase><testcase classname="funjs.SyntaxAnalysisTests" name="parsing a keyword as an identifier gives an error" time="0.001">
                                                 
                                               </testcase><testcase classname="funjs.SyntaxAnalysisTests" name="parsing a keyword prefix as an identifier produces the correct tree" time="0.0">
                                                 
                                               </testcase><testcase classname="funjs.SyntaxAnalysisTests" name="parsing an integer of one digit as an integer produces the correct tree" time="0.0">
                                                 
                                               </testcase><testcase classname="funjs.SyntaxAnalysisTests" name="parsing an integer as an integer produces the correct tree" time="0.0">
                                                 
                                               </testcase><testcase classname="funjs.SyntaxAnalysisTests" name="parsing a non-integer as an integer gives an error" time="0.0">
                                                 
                                               </testcase><testcase classname="funjs.SyntaxAnalysisTests" name="parsing an equal expression produces the correct tree" time="0.001">
                                                 
                                               </testcase><testcase classname="funjs.SyntaxAnalysisTests" name="parsing a less than expression produces the correct tree" time="0.0">
                                                 
                                               </testcase><testcase classname="funjs.SyntaxAnalysisTests" name="parsing an addition expression produces the correct tree" time="0.001">
                                                 
                                               </testcase><testcase classname="funjs.SyntaxAnalysisTests" name="parsing a subtraction expression produces the correct tree" time="0.0">
                                                 
                                               </testcase><testcase classname="funjs.SyntaxAnalysisTests" name="parsing a multiplication expression produces the correct tree" time="0.001">
                                                 
                                               </testcase><testcase classname="funjs.SyntaxAnalysisTests" name="parsing a division expression produces the correct tree" time="0.001">
                                                 
                                               </testcase><testcase classname="funjs.SyntaxAnalysisTests" name="parsing an integer expression produces the correct tree" time="0.0">
                                                 
                                               </testcase><testcase classname="funjs.SyntaxAnalysisTests" name="parsing a true expression produces the correct tree" time="0.0">
                                                 
                                               </testcase><testcase classname="funjs.SyntaxAnalysisTests" name="parsing a false expression produces the correct tree" time="0.0">
                                                 
                                               </testcase><testcase classname="funjs.SyntaxAnalysisTests" name="parsing an identifier expression produces the correct tree" time="0.0">
                                                 
                                               </testcase><testcase classname="funjs.SyntaxAnalysisTests" name="parsing a parenthesized expression produces the correct tree" time="0.001">
                                                 
                                               </testcase><testcase classname="funjs.SyntaxAnalysisTests" name="parsing an application expression produces the correct tree" time="0.003">
                                                 
                                               </testcase><testcase classname="funjs.SyntaxAnalysisTests" name="parsing an if expression produces the correct tree" time="0.001">
                                                 
                                               </testcase><testcase classname="funjs.SyntaxAnalysisTests" name="an if expression must have a parenthesized condition" time="0.0">
                                                 
                                               </testcase><testcase classname="funjs.SyntaxAnalysisTests" name="a value definition produces the correct tree" time="0.001">
                                                 
                                               </testcase><testcase classname="funjs.SyntaxAnalysisTests" name="a function definition produces the correct tree" time="0.001">
                                                 
                                               </testcase><testcase classname="funjs.SyntaxAnalysisTests" name="a function definition can have many args if they are in many lambdas" time="0.002">
                                                 
                                               </testcase><testcase classname="funjs.SyntaxAnalysisTests" name="a defn with no body is an error" time="0.001">
                                                 
                                               </testcase><testcase classname="funjs.SyntaxAnalysisTests" name="a defn without a type is an error" time="0.0">
                                                 
                                               </testcase><testcase classname="funjs.SyntaxAnalysisTests" name="a where block with no body gives an error" time="0.0">
                                                 
                                               </testcase><testcase classname="funjs.SyntaxAnalysisTests" name="a block with no definitions gives an error" time="0.001">
                                                 
                                               </testcase><testcase classname="funjs.SyntaxAnalysisTests" name="a where with a number for body" time="0.001">
                                                 
                                               </testcase><testcase classname="funjs.SyntaxAnalysisTests" name="a where with a variable for body" time="0.001">
                                                 
                                               </testcase><testcase classname="funjs.SyntaxAnalysisTests" name="a where with an application variable for body" time="0.002">
                                                 
                                               </testcase><testcase classname="funjs.SyntaxAnalysisTests" name="a where with a parenthisised variable for body" time="0.002">
                                                 
                                               </testcase><testcase classname="funjs.SyntaxAnalysisTests" name="a where with an arithmetic expression for body" time="0.001">
                                                 
                                               </testcase><testcase classname="funjs.SyntaxAnalysisTests" name="a where with a single definition produces the correct tree" time="0.001">
                                                 
                                               </testcase><testcase classname="funjs.SyntaxAnalysisTests" name="a where with a multiple definitions produces the correct tree" time="0.002">
                                                 
                                               </testcase><testcase classname="funjs.SyntaxAnalysisTests" name="object with one field" time="0.001">
                                                 
                                               </testcase><testcase classname="funjs.SyntaxAnalysisTests" name="object with more than one field" time="0.001">
                                                 
                                               </testcase><testcase classname="funjs.SyntaxAnalysisTests" name="object with object in it" time="0.001">
                                                 
                                               </testcase><testcase classname="funjs.SyntaxAnalysisTests" name="basic deref" time="0.0">
                                                 
                                               </testcase><testcase classname="funjs.SyntaxAnalysisTests" name="deref at one level only" time="0.0">
                                                 
                                               </testcase><testcase classname="funjs.SyntaxAnalysisTests" name="conditional expressions are right associative" time="0.0">
                                                 
                                               </testcase><testcase classname="funjs.SyntaxAnalysisTests" name="'==' is not associative with '=='" time="0.0">
                                                 
                                               </testcase><testcase classname="funjs.SyntaxAnalysisTests" name="'==' is not associative with '&lt;'" time="0.001">
                                                 
                                               </testcase><testcase classname="funjs.SyntaxAnalysisTests" name="'&lt;' is not associative with '&lt;'" time="0.001">
                                                 
                                               </testcase><testcase classname="funjs.SyntaxAnalysisTests" name="'&lt;' is not associative with '=='" time="0.001">
                                                 
                                               </testcase><testcase classname="funjs.SyntaxAnalysisTests" name="'+' is left associative" time="0.0">
                                                 
                                               </testcase><testcase classname="funjs.SyntaxAnalysisTests" name="'-' is left associative" time="0.0">
                                                 
                                               </testcase><testcase classname="funjs.SyntaxAnalysisTests" name="'*' is left associative" time="0.001">
                                                 
                                               </testcase><testcase classname="funjs.SyntaxAnalysisTests" name="'/' is left associative" time="0.001">
                                                 
                                               </testcase><testcase classname="funjs.SyntaxAnalysisTests" name="'if' has a lower precedence than '=='" time="0.001">
                                                 
                                               </testcase><testcase classname="funjs.SyntaxAnalysisTests" name="'if' has a lower precedence than '&lt;'" time="0.001">
                                                 
                                               </testcase><testcase classname="funjs.SyntaxAnalysisTests" name="'==' has a lower precedence than '+' (left)" time="0.001">
                                                 
                                               </testcase><testcase classname="funjs.SyntaxAnalysisTests" name="'==' has a lower precedence than '+' (right)" time="0.001">
                                                 
                                               </testcase><testcase classname="funjs.SyntaxAnalysisTests" name="'==' has a lower precedence than '-' (left)" time="0.0">
                                                 
                                               </testcase><testcase classname="funjs.SyntaxAnalysisTests" name="'==' has a lower precedence than '-' (right)" time="0.001">
                                                 
                                               </testcase><testcase classname="funjs.SyntaxAnalysisTests" name="'&lt;' has a lower precedence than '+' (left)" time="0.001">
                                                 
                                               </testcase><testcase classname="funjs.SyntaxAnalysisTests" name="'&lt;' has a lower precedence than '+' (right)" time="0.0">
                                                 
                                               </testcase><testcase classname="funjs.SyntaxAnalysisTests" name="'&lt;' has a lower precedence than '-' (left)" time="0.001">
                                                 
                                               </testcase><testcase classname="funjs.SyntaxAnalysisTests" name="'&lt;' has a lower precedence than '-' (right)" time="0.001">
                                                 
                                               </testcase><testcase classname="funjs.SyntaxAnalysisTests" name="'+' has a same precedence as '-'" time="0.0">
                                                 
                                               </testcase><testcase classname="funjs.SyntaxAnalysisTests" name="'-' has a same precedence as '+'" time="0.0">
                                                 
                                               </testcase><testcase classname="funjs.SyntaxAnalysisTests" name="'+' has a lower precedence than '*' (left)" time="0.001">
                                                 
                                               </testcase><testcase classname="funjs.SyntaxAnalysisTests" name="'+' has a lower precedence than '*' (right)" time="0.001">
                                                 
                                               </testcase><testcase classname="funjs.SyntaxAnalysisTests" name="'+' has a lower precedence than '/' (left)" time="0.0">
                                                 
                                               </testcase><testcase classname="funjs.SyntaxAnalysisTests" name="'+' has a lower precedence than '/' (right)" time="0.001">
                                                 
                                               </testcase><testcase classname="funjs.SyntaxAnalysisTests" name="'-' has a lower precedence than '*' (left)" time="0.001">
                                                 
                                               </testcase><testcase classname="funjs.SyntaxAnalysisTests" name="'-' has a lower precedence than '*' (right)" time="0.001">
                                                 
                                               </testcase><testcase classname="funjs.SyntaxAnalysisTests" name="'-' has a lower precedence than '/' (left)" time="0.0">
                                                 
                                               </testcase><testcase classname="funjs.SyntaxAnalysisTests" name="'-' has a lower precedence than '/' (right)" time="0.001">
                                                 
                                               </testcase><testcase classname="funjs.SyntaxAnalysisTests" name="parentheses override associativity" time="0.001">
                                                 
                                               </testcase><testcase classname="funjs.SyntaxAnalysisTests" name="parentheses override precedence (left)" time="0.001">
                                                 
                                               </testcase><testcase classname="funjs.SyntaxAnalysisTests" name="parentheses override precedence (right)" time="0.0">
                                                 
                                               </testcase><testcase classname="funjs.SyntaxAnalysisTests" name="'*' has a same precedence as '/'" time="0.001">
                                                 
                                               </testcase><testcase classname="funjs.SyntaxAnalysisTests" name="'/' has a same precedence as '*'" time="0.0">
                                                 
                                               </testcase><testcase classname="funjs.SyntaxAnalysisTests" name="parsing the int type produces the correct tree" time="0.0">
                                                 
                                               </testcase><testcase classname="funjs.SyntaxAnalysisTests" name="parsing the bool type produces the correct tree" time="0.0">
                                                 
                                               </testcase><testcase classname="funjs.SyntaxAnalysisTests" name="parsing a function type produces the correct tree" time="0.001">
                                                 
                                               </testcase><testcase classname="funjs.SyntaxAnalysisTests" name="function types are right associative" time="0.0">
                                                 
                                               </testcase><testcase classname="funjs.SyntaxAnalysisTests" name="parentheses can override associativity of function types" time="0.0">
                                                 
                                               </testcase><testcase classname="funjs.SyntaxAnalysisTests" name="a program can be a single expression" time="0.001">
                                                 
                                               </testcase><testcase classname="funjs.SyntaxAnalysisTests" name="a program can be more than one expression if the parser can find an application in there" time="0.001">
                                                 
                                               </testcase>
                     <system-out></system-out>
                     <system-err></system-err>
                   </testsuite>