[0m[[0mdebug[0m] [0mRunning TaskDef(funjs.SemanticTests, org.scalatest.tools.Framework$$anon$1@2c4c5ef, false, [SuiteSelector])[0m
[0m[[0mdebug[0m] [0mRunning TaskDef(funjs.TypeTests, org.scalatest.tools.Framework$$anon$1@2c4c5ef, false, [SuiteSelector])[0m
[0m[[0mdebug[0m] [0mRunning TaskDef(funjs.SyntaxAnalysisTests, org.scalatest.tools.Framework$$anon$1@2c4c5ef, false, [SuiteSelector])[0m
[0m[[0mdebug[0m] [0mRunning TaskDef(funjs.ExecTests, org.scalatest.tools.Framework$$anon$1@2c4c5ef, false, [SuiteSelector])[0m
[0m[[0mdebug[0m] [0mSummary for ScalaCheck not available.[0m
[0m[[0minfo[0m] [0mScalaTest[0m
[0m[[0minfo[0m] [0m[36mRun completed in 795 milliseconds.[0m[0m
[0m[[0minfo[0m] [0m[36mTotal number of tests run: 186[0m[0m
[0m[[0minfo[0m] [0m[36mSuites: completed 4, aborted 0[0m[0m
[0m[[0minfo[0m] [0m[36mTests: succeeded 184, failed 2, canceled 0, ignored 0, pending 0[0m[0m
[0m[[0minfo[0m] [0m[31m*** 2 TESTS FAILED ***[0m[0m
[0m[[31merror[0m] [0mFailed: Total 186, Failed 2, Errors 0, Passed 184[0m
[0m[[0mdebug[0m] [0mPassed tests:[0m
[0m[[0mdebug[0m] [0m	funjs.SyntaxAnalysisTests[0m
[0m[[0mdebug[0m] [0m	funjs.TypeTests[0m
[0m[[0mdebug[0m] [0m	funjs.SemanticTests[0m
[0m[[31merror[0m] [0mFailed tests:[0m
[0m[[31merror[0m] [0m	funjs.ExecTests[0m
[0m[[31merror[0m] [0m(test:[31mtest[0m) sbt.TestsFailedException: Tests unsuccessful[0m
